[debug] [2023-11-19T04:37:15.352Z] ----------------------------------------------------------------------
[debug] [2023-11-19T04:37:15.355Z] Command:       /usr/local/share/nvm/versions/node/v20.8.1/bin/node /home/codespace/nvm/current/bin/firebase init
[debug] [2023-11-19T04:37:15.355Z] CLI Version:   12.9.1
[debug] [2023-11-19T04:37:15.355Z] Platform:      linux
[debug] [2023-11-19T04:37:15.355Z] Node Version:  v20.8.1
[debug] [2023-11-19T04:37:15.356Z] Time:          Sun Nov 19 2023 04:37:15 GMT+0000 (Coordinated Universal Time)
[debug] [2023-11-19T04:37:15.356Z] Env Overrides: GITHUB_API_URL
[debug] [2023-11-19T04:37:15.356Z] ----------------------------------------------------------------------
[debug] 
[debug] [2023-11-19T04:37:15.360Z] > command requires scopes: ["email","openid","https://www.googleapis.com/auth/cloudplatformprojects.readonly","https://www.googleapis.com/auth/firebase","https://www.googleapis.com/auth/cloud-platform"]
[debug] [2023-11-19T04:37:15.361Z] > authorizing via signed-in user (23_keziaolivia@smak1bpk.penabur.sch.id)
[info] 
     ######## #### ########  ######## ########     ###     ######  ########
     ##        ##  ##     ## ##       ##     ##  ##   ##  ##       ##
     ######    ##  ########  ######   ########  #########  ######  ######
     ##        ##  ##    ##  ##       ##     ## ##     ##       ## ##
     ##       #### ##     ## ######## ########  ##     ##  ######  ########

You're about to initialize a Firebase project in this directory:

  /workspaces/menu-kezia

Before we get started, keep in mind:

  * You are currently outside your home directory

[info] 
=== Project Setup
[info] 
[info] First, let's associate this project directory with a Firebase project.
[info] You can create multiple project aliases by running firebase use --add, 
[info] but for now we'll just set up a default project.
[info] 
[debug] [2023-11-19T04:37:32.374Z] >>> [apiv2][query] GET https://firebase.googleapis.com/v1beta1/projects pageSize=100
[debug] [2023-11-19T04:37:33.335Z] <<< [apiv2][status] GET https://firebase.googleapis.com/v1beta1/projects 200
[debug] [2023-11-19T04:37:33.336Z] <<< [apiv2][body] GET https://firebase.googleapis.com/v1beta1/projects [omitted]
[info] i  Using project menu-kezia-99303 (menu-kezia) 
[info] 
=== Hosting Setup
[debug] [2023-11-19T04:37:37.668Z] >>> [apiv2][query] GET https://firebase.googleapis.com/v1beta1/projects/menu-kezia-99303 [none]
[debug] [2023-11-19T04:37:38.220Z] <<< [apiv2][status] GET https://firebase.googleapis.com/v1beta1/projects/menu-kezia-99303 200
[debug] [2023-11-19T04:37:38.221Z] <<< [apiv2][body] GET https://firebase.googleapis.com/v1beta1/projects/menu-kezia-99303 {"projectId":"menu-kezia-99303","projectNumber":"549779586889","displayName":"menu-kezia","name":"projects/menu-kezia-99303","resources":{"hostingSite":"menu-kezia-99303"},"state":"ACTIVE","etag":"1_0318dc41-ef13-4bf5-a2a0-993f5804551c"}
[info] 
[info] Your public directory is the folder (relative to your project directory) that
[info] will contain Hosting assets to be uploaded with firebase deploy. If you
[info] have a build process for your assets, use your build's output directory.
[info] 
[debug] [2023-11-19T04:37:44.527Z] >>> [apiv2][query] GET https://www.gstatic.com/firebasejs/releases.json [none]
[debug] [2023-11-19T04:37:44.544Z] <<< [apiv2][status] GET https://www.gstatic.com/firebasejs/releases.json 200
[debug] [2023-11-19T04:37:44.545Z] <<< [apiv2][body] GET https://www.gstatic.com/firebasejs/releases.json {"current":{"version":"10.6.0","browserURL":"https://www.gstatic.com/firebasejs/10.6.0/firebase.js","packageURL":"https://www.gstatic.com/firebasejs/10.6.0/firebase.tgz"},"live":{"version":"10.6","browserURL":"https://www.gstatic.com/firebasejs/live/10.6/firebase.js","packageURL":"https://www.gstatic.com/firebasejs/live/10.6/firebase.tgz"},"components":{"analytics":"https://www.gstatic.com/firebasejs/10.6.0/firebase-analytics.js","app":"https://www.gstatic.com/firebasejs/10.6.0/firebase-app.js","app-check":"https://www.gstatic.com/firebasejs/10.6.0/firebase-app-check.js","auth":"https://www.gstatic.com/firebasejs/10.6.0/firebase-auth.js","auth/cordova":"https://www.gstatic.com/firebasejs/10.6.0/firebase-auth/cordova.js","functions":"https://www.gstatic.com/firebasejs/10.6.0/firebase-functions.js","firestore":"https://www.gstatic.com/firebasejs/10.6.0/firebase-firestore.js","firestore/lite":"https://www.gstatic.com/firebasejs/10.6.0/firebase-firestore/lite.js","installations":"https://www.gstatic.com/firebasejs/10.6.0/firebase-installations.js","storage":"https://www.gstatic.com/firebasejs/10.6.0/firebase-storage.js","performance":"https://www.gstatic.com/firebasejs/10.6.0/firebase-performance.js","remote-config":"https://www.gstatic.com/firebasejs/10.6.0/firebase-remote-config.js","messaging":"https://www.gstatic.com/firebasejs/10.6.0/firebase-messaging.js","messaging/sw":"https://www.gstatic.com/firebasejs/10.6.0/firebase-messaging/sw.js","database":"https://www.gstatic.com/firebasejs/10.6.0/firebase-database.js","firestore.memory":"https://www.gstatic.com/firebasejs/10.6.0/firebase-firestore.memory.js"}}
[info] ✔  Wrote public/index.html 
[info] 
[info] i  Detected a .git folder at /workspaces/menu-kezia 
[info] i  Authorizing with GitHub to upload your service account to a GitHub repository's secrets store. 
[info] 
[info] Visit this URL on this device to log in:
[info] https://github.com/login/oauth/authorize?client_id=89cf50f02ac6aaed3484&state=862582170&redirect_uri=http%3A%2F%2Flocalhost%3A9005&scope=read%3Auser%20repo%20public_repo
[info] 
[info] Waiting for authentication...
